D:\빠밤\2학기\C언어\LAST\DEBUG\TERM.EXE
D:\빠밤\2학기\C언어\LAST\DEBUG\TERM.ILK
D:\빠밤\2학기\C언어\LAST\DEBUG\TERM.PDB
D:\빠밤\2학기\C언어\last\term\Debug\cl.command.1.tlog
D:\빠밤\2학기\C언어\last\term\Debug\CL.read.1.tlog
D:\빠밤\2학기\C언어\last\term\Debug\CL.write.1.tlog
D:\빠밤\2학기\C언어\last\term\Debug\link.2940.read.1.tlog
D:\빠밤\2학기\C언어\last\term\Debug\link.2940.write.1.tlog
D:\빠밤\2학기\C언어\last\term\Debug\link.2940-cvtres.read.1.tlog
D:\빠밤\2학기\C언어\last\term\Debug\link.2940-cvtres.write.1.tlog
D:\빠밤\2학기\C언어\last\term\Debug\link.4476.read.1.tlog
D:\빠밤\2학기\C언어\last\term\Debug\link.4476.write.1.tlog
D:\빠밤\2학기\C언어\last\term\Debug\link.4476-cvtres.read.1.tlog
D:\빠밤\2학기\C언어\last\term\Debug\link.4476-cvtres.write.1.tlog
D:\빠밤\2학기\C언어\last\term\Debug\link.6640.read.1.tlog
D:\빠밤\2학기\C언어\last\term\Debug\link.6640.write.1.tlog
D:\빠밤\2학기\C언어\last\term\Debug\link.6640-cvtres.read.1.tlog
D:\빠밤\2학기\C언어\last\term\Debug\link.6640-cvtres.write.1.tlog
D:\빠밤\2학기\C언어\last\term\Debug\link.command.1.tlog
D:\빠밤\2학기\C언어\last\term\Debug\link.read.1.tlog
D:\빠밤\2학기\C언어\last\term\Debug\link.write.1.tlog
D:\빠밤\2학기\C언어\last\term\Debug\link-cvtres.read.1.tlog
D:\빠밤\2학기\C언어\last\term\Debug\link-cvtres.write.1.tlog
D:\빠밤\2학기\C언어\last\term\Debug\mt.command.1.tlog
D:\빠밤\2학기\C언어\last\term\Debug\mt.read.1.tlog
D:\빠밤\2학기\C언어\last\term\Debug\mt.write.1.tlog
D:\빠밤\2학기\C언어\last\term\Debug\rc.command.1.tlog
D:\빠밤\2학기\C언어\last\term\Debug\rc.read.1.tlog
D:\빠밤\2학기\C언어\last\term\Debug\rc.write.1.tlog
D:\빠밤\2학기\C언어\LAST\TERM\DEBUG\TERM.EXE.EMBED.MANIFEST
D:\빠밤\2학기\C언어\LAST\TERM\DEBUG\TERM.EXE.EMBED.MANIFEST.RES
D:\빠밤\2학기\C언어\LAST\TERM\DEBUG\TERM.EXE.INTERMEDIATE.MANIFEST
D:\빠밤\2학기\C언어\LAST\TERM\DEBUG\TERM.OBJ
D:\빠밤\2학기\C언어\last\term\Debug\term.vcxprojResolveAssemblyReference.cache
D:\빠밤\2학기\C언어\last\term\Debug\term.write.1.tlog
D:\빠밤\2학기\C언어\last\term\Debug\term_manifest.rc
D:\빠밤\2학기\C언어\last\term\Debug\vc100.idb
D:\빠밤\2학기\C언어\LAST\TERM\DEBUG\VC100.PDB
